[14:29:37] [ServerMain/INFO]: Building unoptimized datafixer
[14:29:39] [ServerMain/INFO]: Environment: authHost='https://authserver.mojang.com', accountsHost='https://api.mojang.com', sessionHost='https://sessionserver.mojang.com', servicesHost='https://api.minecraftservices.com', name='PROD'
[14:29:42] [ServerMain/INFO]: Loaded 7 recipes
[14:29:42] [ServerMain/INFO]: Loaded 1179 advancements
[14:29:43] [Server thread/INFO]: Starting minecraft server version 1.19
[14:29:43] [Server thread/INFO]: Loading properties
[14:29:43] [Server thread/INFO]: Default game type: SURVIVAL
[14:29:43] [Server thread/INFO]: Generating keypair
[14:29:43] [Server thread/INFO]: Starting Minecraft server on *:25565
[14:29:43] [Server thread/INFO]: Using epoll channel type
[14:29:44] [Server thread/WARN]: **** SERVER IS RUNNING IN OFFLINE/INSECURE MODE!
[14:29:44] [Server thread/WARN]: The server will make no attempt to authenticate usernames. Beware.
[14:29:44] [Server thread/WARN]: While this makes the game possible to play without internet access, it also opens up the ability for hackers to connect with any username they choose.
[14:29:44] [Server thread/WARN]: To change this, set "online-mode" to "true" in the server.properties file.
[14:29:44] [Server thread/INFO]: Preparing level "world"
[14:29:44] [Server thread/INFO]: Preparing start region for dimension minecraft:overworld
[14:30:04] [Worker-Main-2/INFO]: Preparing spawn area: 0%
[14:30:04] [Worker-Main-2/INFO]: Preparing spawn area: 0%
[14:30:04] [Worker-Main-2/INFO]: Preparing spawn area: 0%
[14:30:04] [Worker-Main-2/INFO]: Preparing spawn area: 0%
[14:30:04] [Worker-Main-2/INFO]: Preparing spawn area: 0%
[14:30:04] [Worker-Main-2/INFO]: Preparing spawn area: 0%
[14:30:04] [Worker-Main-2/INFO]: Preparing spawn area: 0%
[14:30:04] [Worker-Main-2/INFO]: Preparing spawn area: 0%
[14:30:04] [Worker-Main-2/INFO]: Preparing spawn area: 0%
[14:30:04] [Worker-Main-2/INFO]: Preparing spawn area: 0%
[14:30:04] [Worker-Main-2/INFO]: Preparing spawn area: 0%
[14:30:04] [Worker-Main-2/INFO]: Preparing spawn area: 0%
[14:30:04] [Worker-Main-2/INFO]: Preparing spawn area: 0%
[14:30:04] [Worker-Main-1/INFO]: Preparing spawn area: 0%
[14:30:04] [Worker-Main-1/INFO]: Preparing spawn area: 0%
[14:30:04] [Worker-Main-2/INFO]: Preparing spawn area: 0%
[14:30:04] [Worker-Main-3/INFO]: Preparing spawn area: 0%
[14:30:04] [Worker-Main-3/INFO]: Preparing spawn area: 0%
[14:30:04] [Worker-Main-2/INFO]: Preparing spawn area: 0%
[14:30:04] [Worker-Main-3/INFO]: Preparing spawn area: 0%
[14:30:04] [Worker-Main-3/INFO]: Preparing spawn area: 0%
[14:30:04] [Worker-Main-2/INFO]: Preparing spawn area: 0%
[14:30:04] [Worker-Main-3/INFO]: Preparing spawn area: 0%
[14:30:04] [Worker-Main-3/INFO]: Preparing spawn area: 0%
[14:30:04] [Worker-Main-3/INFO]: Preparing spawn area: 0%
[14:30:04] [Worker-Main-3/INFO]: Preparing spawn area: 0%
[14:30:04] [Worker-Main-3/INFO]: Preparing spawn area: 0%
[14:30:04] [Worker-Main-3/INFO]: Preparing spawn area: 0%
[14:30:04] [Worker-Main-3/INFO]: Preparing spawn area: 0%
[14:30:04] [Worker-Main-2/INFO]: Preparing spawn area: 0%
[14:30:04] [Worker-Main-2/INFO]: Preparing spawn area: 0%
[14:30:04] [Worker-Main-1/INFO]: Preparing spawn area: 0%
[14:30:04] [Worker-Main-1/INFO]: Preparing spawn area: 0%
[14:30:04] [Worker-Main-1/INFO]: Preparing spawn area: 0%
[14:30:04] [Worker-Main-1/INFO]: Preparing spawn area: 0%
[14:30:04] [Worker-Main-1/INFO]: Preparing spawn area: 0%
[14:30:04] [Worker-Main-1/INFO]: Preparing spawn area: 0%
[14:30:04] [Worker-Main-1/INFO]: Preparing spawn area: 0%
[14:30:04] [Worker-Main-1/INFO]: Preparing spawn area: 0%
[14:30:04] [Worker-Main-1/INFO]: Preparing spawn area: 0%
[14:30:04] [Worker-Main-1/INFO]: Preparing spawn area: 0%
[14:30:04] [Worker-Main-3/INFO]: Preparing spawn area: 0%
[14:30:05] [Worker-Main-1/INFO]: Preparing spawn area: 4%
[14:30:05] [Worker-Main-1/INFO]: Preparing spawn area: 36%
[14:30:06] [Worker-Main-1/INFO]: Preparing spawn area: 76%
[14:30:06] [Server thread/INFO]: Time elapsed: 22284 ms
[14:30:06] [Server thread/INFO]: Done (22.621s)! For help, type "help"
[14:35:00] [Server thread/INFO]: ratwc[/124.122.127.117:56113] logged in with entity id 174 at (276.6628586942821, 67.0, 109.34033077048406)
[14:35:00] [Server thread/INFO]: ratwc joined the game
[14:35:14] [Server thread/INFO]: mboon[/49.228.74.128:54445] logged in with entity id 478 at (-43.029035142672015, 32.0, 425.12408583609516)
[14:35:14] [Server thread/INFO]: mboon joined the game
[14:37:26] [Server thread/INFO]: mboon has made the advancement [Not Today, Thank You]
[14:39:53] [Server thread/INFO]: mboon has made the advancement [Sneak 100]
[14:41:42] [Server thread/INFO]: mboon lost connection: Disconnected
[14:41:42] [Server thread/INFO]: mboon left the game
[14:49:49] [Server thread/INFO]: kaminpum[/184.22.224.22:51604] logged in with entity id 6214 at (282.0840415611111, 67.0, 109.48983297760235)
[14:49:49] [Server thread/INFO]: kaminpum joined the game
[14:52:54] [Server thread/INFO]: kaminpum lost connection: Disconnected
[14:52:54] [Server thread/INFO]: kaminpum left the game
[14:53:13] [Server thread/INFO]: ratwc lost connection: Disconnected
[14:53:13] [Server thread/INFO]: ratwc left the game
[15:16:22] [Server thread/INFO]: ratwc[/124.122.127.117:56208] logged in with entity id 6899 at (292.9168293577269, 64.0, 118.77957810668195)
[15:16:22] [Server thread/INFO]: ratwc joined the game
[15:22:41] [Server thread/INFO]: kaminpum[/184.22.224.22:54828] logged in with entity id 9849 at (284.43644312837176, 66.125, 106.13749998807907)
[15:22:41] [Server thread/INFO]: kaminpum joined the game
[15:25:57] [Server thread/INFO]: C0ck[/49.228.97.236:60640] logged in with entity id 10433 at (-1.5, 75.0, -5.5)
[15:25:57] [Server thread/INFO]: C0ck joined the game
[15:26:13] [Server thread/INFO]: ratwc lost connection: Disconnected
[15:26:13] [Server thread/INFO]: ratwc left the game
[15:26:14] [Server thread/INFO]: kaminpum lost connection: Disconnected
[15:26:14] [Server thread/INFO]: kaminpum left the game
[15:26:16] [Server thread/INFO]: C0ck lost connection: Disconnected
[15:26:16] [Server thread/INFO]: C0ck left the game
