[15:50:32] [ServerMain/INFO]: Building unoptimized datafixer
[15:50:34] [ServerMain/INFO]: Environment: authHost='https://authserver.mojang.com', accountsHost='https://api.mojang.com', sessionHost='https://sessionserver.mojang.com', servicesHost='https://api.minecraftservices.com', name='PROD'
[15:50:36] [ServerMain/INFO]: Loaded 7 recipes
[15:50:36] [ServerMain/INFO]: Loaded 1179 advancements
[15:50:37] [Server thread/INFO]: Starting minecraft server version 1.19.2
[15:50:37] [Server thread/INFO]: Loading properties
[15:50:37] [Server thread/INFO]: Default game type: ADVENTURE
[15:50:37] [Server thread/INFO]: Generating keypair
[15:50:37] [Server thread/INFO]: Starting Minecraft server on *:25565
[15:50:37] [Server thread/INFO]: Using epoll channel type
[15:50:37] [Server thread/WARN]: **** SERVER IS RUNNING IN OFFLINE/INSECURE MODE!
[15:50:37] [Server thread/WARN]: The server will make no attempt to authenticate usernames. Beware.
[15:50:37] [Server thread/WARN]: While this makes the game possible to play without internet access, it also opens up the ability for hackers to connect with any username they choose.
[15:50:37] [Server thread/WARN]: To change this, set "online-mode" to "true" in the server.properties file.
[15:50:37] [Server thread/INFO]: Preparing level "world"
[15:50:38] [Server thread/INFO]: Preparing start region for dimension minecraft:overworld
[15:50:42] [Worker-Main-5/INFO]: Preparing spawn area: 0%
[15:50:42] [Worker-Main-2/INFO]: Preparing spawn area: 0%
[15:50:42] [Worker-Main-3/INFO]: Preparing spawn area: 0%
[15:50:42] [Worker-Main-3/INFO]: Preparing spawn area: 0%
[15:50:42] [Worker-Main-3/INFO]: Preparing spawn area: 0%
[15:50:42] [Worker-Main-3/INFO]: Preparing spawn area: 0%
[15:50:42] [Worker-Main-3/INFO]: Preparing spawn area: 0%
[15:50:42] [Worker-Main-5/INFO]: Preparing spawn area: 0%
[15:50:42] [Worker-Main-5/INFO]: Preparing spawn area: 0%
[15:50:42] [Worker-Main-5/INFO]: Preparing spawn area: 0%
[15:50:43] [Worker-Main-4/INFO]: Preparing spawn area: 0%
[15:50:43] [Worker-Main-5/INFO]: Preparing spawn area: 1%
[15:50:44] [Worker-Main-3/INFO]: Preparing spawn area: 24%
[15:50:44] [Worker-Main-4/INFO]: Preparing spawn area: 71%
[15:50:45] [Server thread/INFO]: Time elapsed: 7015 ms
[15:50:45] [Server thread/INFO]: Done (7.299s)! For help, type "help"
[15:52:26] [Server thread/INFO]: aomwara[/184.22.246.70:56502] logged in with entity id 136 at (0.5, 99.0, 0.5)
[15:52:26] [Server thread/INFO]: aomwara joined the game
[15:53:46] [Server thread/INFO]: aomwara lost connection: Disconnected
[15:53:46] [Server thread/INFO]: aomwara left the game
